<?xml version="1.0" encoding="UTF-8"?>
<testng-results skipped="0" failed="0" ignored="0" total="1" passed="1">
  <reporter-output>
    <line>
      <![CDATA[Login Page is Displayed]]>
    </line>
    <line>
      <![CDATA[Home Page is Displayed]]>
    </line>
    <line>
      <![CDATA[GOTO GO]]>
    </line>
  </reporter-output>
  <suite name="Default suite" duration-ms="113647" started-at="2019-11-24T02:56:45Z" finished-at="2019-11-24T02:58:38Z">
    <groups>
    </groups>
    <test name="Default test" duration-ms="113647" started-at="2019-11-24T02:56:45Z" finished-at="2019-11-24T02:58:38Z">
      <class name="test.test1">
        <test-method status="PASS" signature="openBrowser()[pri:0, instance:test.test1@5649fd9b]" name="openBrowser" is-config="true" duration-ms="53808" started-at="2019-11-24T02:56:45Z" finished-at="2019-11-24T02:57:39Z">
          <reporter-output>
            <line>
              <![CDATA[Login Page is Displayed]]>
            </line>
          </reporter-output>
        </test-method> <!-- openBrowser -->
        <test-method status="PASS" signature="loginToApp()[pri:0, instance:test.test1@5649fd9b]" name="loginToApp" is-config="true" duration-ms="57507" started-at="2019-11-24T02:57:39Z" finished-at="2019-11-24T02:58:36Z">
          <reporter-output>
            <line>
              <![CDATA[Home Page is Displayed]]>
            </line>
          </reporter-output>
        </test-method> <!-- loginToApp -->
        <test-method status="PASS" signature="maven()[pri:0, instance:test.test1@5649fd9b]" name="maven" duration-ms="56" started-at="2019-11-24T02:58:36Z" finished-at="2019-11-24T02:58:36Z">
          <reporter-output>
            <line>
              <![CDATA[GOTO GO]]>
            </line>
          </reporter-output>
        </test-method> <!-- maven -->
        <test-method status="PASS" signature="logouttFromApp()[pri:0, instance:test.test1@5649fd9b]" name="logouttFromApp" is-config="true" duration-ms="1410" started-at="2019-11-24T02:58:36Z" finished-at="2019-11-24T02:58:38Z">
          <reporter-output>
          </reporter-output>
        </test-method> <!-- logouttFromApp -->
        <test-method status="PASS" signature="tearDown()[pri:0, instance:test.test1@5649fd9b]" name="tearDown" is-config="true" duration-ms="728" started-at="2019-11-24T02:58:38Z" finished-at="2019-11-24T02:58:38Z">
          <reporter-output>
          </reporter-output>
        </test-method> <!-- tearDown -->
      </class> <!-- test.test1 -->
    </test> <!-- Default test -->
  </suite> <!-- Default suite -->
</testng-results>
